[2020-06-26 20:49:48,864][read_data.py 35][INFO]: 加载 D:\all_Project\api2020\small_FrontalGate\config\setting.ini 文件......
[2020-06-26 20:55:06,662][read_data.py 35][INFO]: 加载 D:\all_Project\api2020\small_FrontalGate\config\setting.ini 文件......
[2020-06-26 20:55:06,662][read_data.py 35][INFO]: 加载 D:\all_Project\api2020\small_FrontalGate\config\setting.ini 文件......
[2020-06-26 20:57:47,923][read_data.py 35][INFO]: 加载 D:\all_Project\api2020\small_FrontalGate\config\setting.ini 文件......
[2020-06-26 21:33:36,674][read_data.py 35][INFO]: 加载 D:\all_Project\my_first_api\small_FrontalGate\config\setting.ini 文件......
[2020-06-26 21:33:36,992][read_data.py 35][INFO]: 加载 D:\all_Project\my_first_api\small_FrontalGate\config\setting.ini 文件......
[2020-06-26 21:33:37,018][read_data.py 21][INFO]: 加载 D:\all_Project\my_first_api\small_FrontalGate\data\base_data.yml 文件......
[2020-06-26 21:33:37,021][read_data.py 24][INFO]: 读到数据 ==>>  {'init_admin_user': {'username': '小锋test', 'password': '123456'}, 'init_sql': {'insert_delete_user': ["INSERT INTO user(username, password, role, sex, telephone, address) VALUES('测试test', '123456', '1', '1', '13488888888', '北京市海淀区')", "DELETE FROM user WHERE username = '测试test'"], 'delete_register_user': "DELETE FROM user WHERE username = '测试test'", 'update_user_telephone': "UPDATE user SET telephone = '13500010004' WHERE id = 4"}} 
[2020-06-26 21:33:37,021][read_data.py 21][INFO]: 加载 D:\all_Project\my_first_api\small_FrontalGate\data\api_test_data.yml 文件......
[2020-06-26 21:33:37,029][read_data.py 24][INFO]: 读到数据 ==>>  {'test_get_all_user_info': [[True, 0, '查询成功']], 'test_get_get_one_user_info': [['wintest4', True, 0, '查询成功'], ['wintest1111', False, '1004', '查不到相关用户']], 'test_register_user': [['测试test', '123456', '13599999999', '1', '深圳市宝安区', True, 0, '注册成功'], ['测试test', '123456', '13599999999', '3', '深圳市宝安区', False, 2003, '输入的性别只能是 0(男) 或 1(女)'], ['wintest4', '123456', '13599999999', '1', '深圳市宝安区', False, 2002, '用户名已存在']], 'test_login_user': [['wintest', '123456', True, 0, '登录成功'], ['测试test', '123456', False, 1003, '用户名不存在']], 'test_update_user': [[4, '123456', '13500010014', '1', '深圳市宝安区', True, 0, '修改用户信息成功'], [4, '123456', '1350001001', '1', '深圳市宝安区', False, 4008, '手机号格式不正确'], [111, '123456', '13500010014', '1', '深圳市宝安区', False, 4005, '用户ID不存在']], 'test_delete_user': [['测试test', True, 0, '删除用户信息成功'], ['wintest3', False, 3006, '该用户不允许删除']]} 
[2020-06-26 21:33:37,029][read_data.py 21][INFO]: 加载 D:\all_Project\my_first_api\small_FrontalGate\data\scenario_test_data.yml 文件......
[2020-06-26 21:33:37,039][read_data.py 24][INFO]: 读到数据 ==>>  {'test_user_register_login_list': {'username': '测试test', 'password': '123456', 'telephone': '13599999999', 'sex': '1', 'address': '深圳市宝安区', 'except_result': True, 'except_code': 0, 'except_msg': '查询成功'}, 'test_user_repeat_register': {'username': '测试test', 'password': '123456', 'telephone': '13599999999', 'sex': '1', 'address': '深圳市宝安区', 'except_result': False, 'except_code': 2002, 'except_msg': '用户名已存在，注册失败'}, 'test_user_register_login_update_success': {'register': {'username': '测试test', 'password': '123456', 'telephone': '13599999999', 'sex': '1', 'address': '深圳市宝安区'}, 'login': {'admin_user': 'wintest', 'admin_pwd': '123456'}, 'update': {'new_password': '123456', 'new_telephone': '13599999998', 'new_sex': '1', 'new_address': '深圳市坪山区'}, 'except_result': True, 'except_code': 0, 'except_msg': '修改用户信息成功'}, 'test_user_register_login_update_fail': {'register': {'username': '测试test', 'password': '123456', 'telephone': '13599999999', 'sex': '1', 'address': '深圳市宝安区'}, 'login': {'admin_user': 'wintest', 'admin_pwd': '123456'}, 'update': {'new_password': '123456', 'new_telephone': '13599999998', 'new_sex': '1', 'new_address': '深圳市坪山区'}, 'except_result': False, 'except_code': 4005, 'except_msg': '修改的用户ID不存在'}, 'test_user_register_login_delete_success': {'admin_user': 'wintest', 'admin_pwd': '123456', 'username': '测试test', 'password': '123456', 'telephone': '13599999999', 'sex': '1', 'address': '深圳市宝安区', 'except_result': True, 'except_code': 0, 'except_msg': '删除用户信息成功'}, 'test_user_register_login_delete_fail': {'admin_user': 'wintest4', 'admin_pwd': '123456', 'username': '测试test', 'password': '123456', 'telephone': '13599999999', 'sex': '1', 'address': '深圳市宝安区', 'except_result': False, 'except_code': 3004, 'except_msg': '当前用户不是管理员用户'}} 
[2020-06-26 21:33:38,256][read_data.py 21][INFO]: 加载 D:\all_Project\my_first_api\small_FrontalGate\data\base_data.yml 文件......
[2020-06-26 21:33:38,259][read_data.py 24][INFO]: 读到数据 ==>>  {'init_admin_user': {'username': '小锋test', 'password': '123456'}, 'init_sql': {'insert_delete_user': ["INSERT INTO user(username, password, role, sex, telephone, address) VALUES('测试test', '123456', '1', '1', '13488888888', '北京市海淀区')", "DELETE FROM user WHERE username = '测试test'"], 'delete_register_user': "DELETE FROM user WHERE username = '测试test'", 'update_user_telephone': "UPDATE user SET telephone = '13500010004' WHERE id = 4"}} 
[2020-06-26 21:33:38,259][read_data.py 21][INFO]: 加载 D:\all_Project\my_first_api\small_FrontalGate\data\api_test_data.yml 文件......
[2020-06-26 21:33:38,267][read_data.py 24][INFO]: 读到数据 ==>>  {'test_get_all_user_info': [[True, 0, '查询成功']], 'test_get_get_one_user_info': [['wintest4', True, 0, '查询成功'], ['wintest1111', False, '1004', '查不到相关用户']], 'test_register_user': [['测试test', '123456', '13599999999', '1', '深圳市宝安区', True, 0, '注册成功'], ['测试test', '123456', '13599999999', '3', '深圳市宝安区', False, 2003, '输入的性别只能是 0(男) 或 1(女)'], ['wintest4', '123456', '13599999999', '1', '深圳市宝安区', False, 2002, '用户名已存在']], 'test_login_user': [['wintest', '123456', True, 0, '登录成功'], ['测试test', '123456', False, 1003, '用户名不存在']], 'test_update_user': [[4, '123456', '13500010014', '1', '深圳市宝安区', True, 0, '修改用户信息成功'], [4, '123456', '1350001001', '1', '深圳市宝安区', False, 4008, '手机号格式不正确'], [111, '123456', '13500010014', '1', '深圳市宝安区', False, 4005, '用户ID不存在']], 'test_delete_user': [['测试test', True, 0, '删除用户信息成功'], ['wintest3', False, 3006, '该用户不允许删除']]} 
[2020-06-26 21:33:38,267][read_data.py 21][INFO]: 加载 D:\all_Project\my_first_api\small_FrontalGate\data\scenario_test_data.yml 文件......
[2020-06-26 21:33:38,275][read_data.py 24][INFO]: 读到数据 ==>>  {'test_user_register_login_list': {'username': '测试test', 'password': '123456', 'telephone': '13599999999', 'sex': '1', 'address': '深圳市宝安区', 'except_result': True, 'except_code': 0, 'except_msg': '查询成功'}, 'test_user_repeat_register': {'username': '测试test', 'password': '123456', 'telephone': '13599999999', 'sex': '1', 'address': '深圳市宝安区', 'except_result': False, 'except_code': 2002, 'except_msg': '用户名已存在，注册失败'}, 'test_user_register_login_update_success': {'register': {'username': '测试test', 'password': '123456', 'telephone': '13599999999', 'sex': '1', 'address': '深圳市宝安区'}, 'login': {'admin_user': 'wintest', 'admin_pwd': '123456'}, 'update': {'new_password': '123456', 'new_telephone': '13599999998', 'new_sex': '1', 'new_address': '深圳市坪山区'}, 'except_result': True, 'except_code': 0, 'except_msg': '修改用户信息成功'}, 'test_user_register_login_update_fail': {'register': {'username': '测试test', 'password': '123456', 'telephone': '13599999999', 'sex': '1', 'address': '深圳市宝安区'}, 'login': {'admin_user': 'wintest', 'admin_pwd': '123456'}, 'update': {'new_password': '123456', 'new_telephone': '13599999998', 'new_sex': '1', 'new_address': '深圳市坪山区'}, 'except_result': False, 'except_code': 4005, 'except_msg': '修改的用户ID不存在'}, 'test_user_register_login_delete_success': {'admin_user': 'wintest', 'admin_pwd': '123456', 'username': '测试test', 'password': '123456', 'telephone': '13599999999', 'sex': '1', 'address': '深圳市宝安区', 'except_result': True, 'except_code': 0, 'except_msg': '删除用户信息成功'}, 'test_user_register_login_delete_fail': {'admin_user': 'wintest4', 'admin_pwd': '123456', 'username': '测试test', 'password': '123456', 'telephone': '13599999999', 'sex': '1', 'address': '深圳市宝安区', 'except_result': False, 'except_code': 3004, 'except_msg': '当前用户不是管理员用户'}} 
[2020-06-26 21:33:38,412][test_03_login.py 30][INFO]: *************** 开始执行用例 ***************
[2020-06-26 21:33:38,412][rest_client.py 51][INFO]: 接口请求地址 ==>> http://49.232.9.51:8000/api/register//login
[2020-06-26 21:33:38,413][rest_client.py 52][INFO]: 接口请求方式 ==>> POST
[2020-06-26 21:33:38,413][rest_client.py 54][INFO]: 接口请求头 ==>> {
    "Content-Type": "application/x-www-form-urlencoded"
}
[2020-06-26 21:33:38,413][rest_client.py 55][INFO]: 接口请求 params 参数 ==>> null
[2020-06-26 21:33:38,413][rest_client.py 56][INFO]: 接口请求体 data 参数 ==>> {
    "username": "wintest",
    "password": "123456"
}
[2020-06-26 21:33:38,413][rest_client.py 57][INFO]: 接口请求体 json 参数 ==>> null
[2020-06-26 21:33:38,413][rest_client.py 58][INFO]: 接口上传附件 files 参数 ==>> None
[2020-06-26 21:33:38,413][rest_client.py 59][INFO]: 接口 cookies 参数 ==>> null
[2020-06-26 21:33:38,623][test_03_login.py 30][INFO]: *************** 开始执行用例 ***************
[2020-06-26 21:33:38,623][rest_client.py 51][INFO]: 接口请求地址 ==>> http://49.232.9.51:8000/api/register//login
[2020-06-26 21:33:38,623][rest_client.py 52][INFO]: 接口请求方式 ==>> POST
[2020-06-26 21:33:38,623][rest_client.py 54][INFO]: 接口请求头 ==>> {
    "Content-Type": "application/x-www-form-urlencoded"
}
[2020-06-26 21:33:38,623][rest_client.py 55][INFO]: 接口请求 params 参数 ==>> null
[2020-06-26 21:33:38,623][rest_client.py 56][INFO]: 接口请求体 data 参数 ==>> {
    "username": "测试test",
    "password": "123456"
}
[2020-06-26 21:33:38,623][rest_client.py 57][INFO]: 接口请求体 json 参数 ==>> null
[2020-06-26 21:33:38,623][rest_client.py 58][INFO]: 接口上传附件 files 参数 ==>> None
[2020-06-26 21:33:38,623][rest_client.py 59][INFO]: 接口 cookies 参数 ==>> null
